Arguments: 
  /usr/local/bin/node /usr/local/bin/yarn.js

PATH: 
  /Users/cfruit/.cargo/bin:“/Users/cfruit/.cargo/bin:/usr/local/bin:/usr/bin:/bin:/usr/sbin:/sbin:/usr/local/go/bin:/usr/local/go/bin:/Applications/MySQLWorkbench.app/Contents/MacOS”

Yarn version: 
  1.22.4

Node version: 
  10.16.0

Platform: 
  darwin x64

Trace: 
  SyntaxError: /Users/cfruit/hash-cache-rs/package.json: Unexpected token } in JSON at position 264
      at JSON.parse (<anonymous>)
      at /usr/local/Caskroom/cg-yarn/1.22.4/yarn-v1.22.4/lib/cli.js:1625:59
      at Generator.next (<anonymous>)
      at step (/usr/local/Caskroom/cg-yarn/1.22.4/yarn-v1.22.4/lib/cli.js:310:30)
      at /usr/local/Caskroom/cg-yarn/1.22.4/yarn-v1.22.4/lib/cli.js:321:13

npm manifest: 
  {
    "name": "hash-cache-rs",
    "version": "0.1.0",
    "description": "An experimental incremental build plugin for Webpack.",
    "main": "lib/index.js",
    "author": "cfruit <cfruit@cargurus.com>",
    "license": "MIT",
    "devDependencies": {
      "eslint": "^6.8.0",
    }
    "dependencies": {
      "neon-cli": "^0.4.0",
      "node-pre-gyp": "amilajack/node-pre-gyp#neon-compat",
      "node-pre-gyp-github": "^1.4.3",
      "util": "^0.12.3"
    },
    "scripts": {
      "install": "node-pre-gyp install --fallback-to-build=false || neon build --release",
      "lint": "eslint .",
      "package": "node-pre-gyp package",
      "upload-binary": "node-pre-gyp package && node-pre-gyp-github publish"
    },
    "binary": {
      "module_name": "index",
      "host": "https://github.com/cargurus/webpack-hash-cache/releases/download/",
      "remote_path": "{version}",
      "package_name": "{node_abi}-{platform}-{arch}.tar.gz",
      "module_path": "./native",
      "pkg_path": "."
    },
    "repository": {
      "type": "git",
      "url": "git+https://github.com/cargurus/webpack-hash-cache.git"
    }
  }

yarn manifest: 
  No manifest

Lockfile: 
  # THIS IS AN AUTOGENERATED FILE. DO NOT EDIT THIS FILE DIRECTLY.
  # yarn lockfile v1
  
  
  "@octokit/rest@^15.9.5":
    version "15.18.3"
    resolved "https://artifactory-eng.cargurus.com:443/artifactory/api/npm/npm-registry/@octokit/rest/-/rest-15.18.3.tgz#ff4ecbb784ca286c40cc1d568abceda6d99b36fc"
    integrity sha1-/07Lt4TKKGxAzB1WirztptmbNvw=
    dependencies:
      before-after-hook "^1.1.0"
      btoa-lite "^1.0.0"
      debug "^3.1.0"
      http-proxy-agent "^2.1.0"
      https-proxy-agent "^2.2.0"
      lodash "^4.17.4"
      node-fetch "^2.1.1"
      universal-user-agent "^2.0.0"
      url-template "^2.0.8"
  
  abbrev@1:
    version "1.1.1"
    resolved "https://artifactory-eng.cargurus.com:443/artifactory/api/npm/npm-registry/abbrev/-/abbrev-1.1.1.tgz#f8f2c887ad10bf67f634f005b6987fed3179aac8"
    integrity sha1-+PLIh60Qv2f2NPAFtph/7TF5qsg=
  
  agent-base@4, agent-base@^4.3.0:
    version "4.3.0"
    resolved "https://artifactory-eng.cargurus.com:443/artifactory/api/npm/npm-registry/agent-base/-/agent-base-4.3.0.tgz#8165f01c436009bccad0b1d122f05ed770efc6ee"
    integrity sha1-gWXwHENgCbzK0LHRIvBe13Dvxu4=
    dependencies:
      es6-promisify "^5.0.0"
  
  ansi-escape-sequences@^4.0.0:
    version "4.1.0"
    resolved "https://artifactory-eng.cargurus.com:443/artifactory/api/npm/npm-registry/ansi-escape-sequences/-/ansi-escape-sequences-4.1.0.tgz#2483c8773f50dd9174dd9557e92b1718f1816097"
    integrity sha1-JIPIdz9Q3ZF03ZVX6SsXGPGBYJc=
    dependencies:
      array-back "^3.0.1"
  
  ansi-escapes@^3.0.0:
    version "3.2.0"
    resolved "https://artifactory-eng.cargurus.com:443/artifactory/api/npm/npm-registry/ansi-escapes/-/ansi-escapes-3.2.0.tgz#8780b98ff9dbf5638152d1f1fe5c1d7b4442976b"
    integrity sha1-h4C5j/nb9WOBUtHx/lwde0RCl2s=
  
  ansi-regex@^2.0.0:
    version "2.1.1"
    resolved "https://artifactory-eng.cargurus.com:443/artifactory/api/npm/npm-registry/ansi-regex/-/ansi-regex-2.1.1.tgz#c3b33ab5ee360d86e0e628f0468ae7ef27d654df"
    integrity sha1-w7M6te42DYbg5ijwRorn7yfWVN8=
  
  ansi-regex@^3.0.0:
    version "3.0.0"
    resolved "https://artifactory-eng.cargurus.com:443/artifactory/api/npm/npm-registry/ansi-regex/-/ansi-regex-3.0.0.tgz#ed0317c322064f79466c02966bddb605ab37d998"
    integrity sha1-7QMXwyIGT3lGbAKWa922Bas32Zg=
  
  ansi-styles@^3.1.0, ansi-styles@^3.2.1:
    version "3.2.1"
    resolved "https://artifactory-eng.cargurus.com:443/artifactory/api/npm/npm-registry/ansi-styles/-/ansi-styles-3.2.1.tgz#41fbb20243e50b12be0f04b8dedbf07520ce841d"
    integrity sha1-QfuyAkPlCxK+DwS43tvwdSDOhB0=
    dependencies:
      color-convert "^1.9.0"
  
  aproba@^1.0.3:
    version "1.2.0"
    resolved "https://artifactory-eng.cargurus.com:443/artifactory/api/npm/npm-registry/aproba/-/aproba-1.2.0.tgz#6802e6264efd18c790a1b0d517f0f2627bf2c94a"
    integrity sha1-aALmJk79GMeQobDVF/DyYnvyyUo=
  
  are-we-there-yet@~1.1.2:
    version "1.1.5"
    resolved "https://artifactory-eng.cargurus.com:443/artifactory/api/npm/npm-registry/are-we-there-yet/-/are-we-there-yet-1.1.5.tgz#4b35c2944f062a8bfcda66410760350fe9ddfc21"
    integrity sha1-SzXClE8GKov82mZBB2A1D+nd/CE=
    dependencies:
      delegates "^1.0.0"
      readable-stream "^2.0.6"
  
  array-back@^1.0.3, array-back@^1.0.4:
    version "1.0.4"
    resolved "https://artifactory-eng.cargurus.com:443/artifactory/api/npm/npm-registry/array-back/-/array-back-1.0.4.tgz#644ba7f095f7ffcf7c43b5f0dc39d3c1f03c063b"
    integrity sha1-ZEun8JX3/898Q7Xw3DnTwfA8Bjs=
    dependencies:
      typical "^2.6.0"
  
  array-back@^2.0.0:
    version "2.0.0"
    resolved "https://artifactory-eng.cargurus.com:443/artifactory/api/npm/npm-registry/array-back/-/array-back-2.0.0.tgz#6877471d51ecc9c9bfa6136fb6c7d5fe69748022"
    integrity sha1-aHdHHVHsycm/phNvtsfV/ml0gCI=
    dependencies:
      typical "^2.6.1"
  
  array-back@^3.0.1:
    version "3.1.0"
    resolved "https://artifactory-eng.cargurus.com:443/artifactory/api/npm/npm-registry/array-back/-/array-back-3.1.0.tgz#b8859d7a508871c9a7b2cf42f99428f65e96bfb0"
    integrity sha1-uIWdelCIccmnss9C+ZQo9l6Wv7A=
  
  array-filter@^1.0.0:
    version "1.0.0"
    resolved "https://artifactory-eng.cargurus.com:443/artifactory/api/npm/npm-registry/array-filter/-/array-filter-1.0.0.tgz#baf79e62e6ef4c2a4c0b831232daffec251f9d83"
    integrity sha1-uveeYubvTCpMC4MSMtr/7CUfnYM=
  
  available-typed-arrays@^1.0.0, available-typed-arrays@^1.0.2:
    version "1.0.2"
    resolved "https://artifactory-eng.cargurus.com:443/artifactory/api/npm/npm-registry/available-typed-arrays/-/available-typed-arrays-1.0.2.tgz#6b098ca9d8039079ee3f77f7b783c4480ba513f5"
    integrity sha1-awmMqdgDkHnuP3f3t4PESAulE/U=
    dependencies:
      array-filter "^1.0.0"
  
  balanced-match@^1.0.0:
    version "1.0.0"
    resolved "https://artifactory-eng.cargurus.com:443/artifactory/api/npm/npm-registry/balanced-match/-/balanced-match-1.0.0.tgz#89b4d199ab2bee49de164ea02b89ce462d71b767"
    integrity sha1-ibTRmasr7kneFk6gK4nORi1xt2c=
  
  before-after-hook@^1.1.0:
    version "1.4.0"
    resolved "https://artifactory-eng.cargurus.com:443/artifactory/api/npm/npm-registry/before-after-hook/-/before-after-hook-1.4.0.tgz#2b6bf23dca4f32e628fd2747c10a37c74a4b484d"
    integrity sha1-K2vyPcpPMuYo/SdHwQo3x0pLSE0=
  
  brace-expansion@^1.1.7:
    version "1.1.11"
    resolved "https://artifactory-eng.cargurus.com:443/artifactory/api/npm/npm-registry/brace-expansion/-/brace-expansion-1.1.11.tgz#3c7fcbf529d87226f3d2f52b966ff5271eb441dd"
    integrity sha1-PH/L9SnYcibz0vUrlm/1Jx60Qd0=
    dependencies:
      balanced-match "^1.0.0"
      concat-map "0.0.1"
  
  btoa-lite@^1.0.0:
    version "1.0.0"
    resolved "https://artifactory-eng.cargurus.com:443/artifactory/api/npm/npm-registry/btoa-lite/-/btoa-lite-1.0.0.tgz#337766da15801210fdd956c22e9c6891ab9d0337"
    integrity sha1-M3dm2hWAEhD92VbCLpxokaudAzc=
  
  builtins@^1.0.3:
    version "1.0.3"
    resolved "https://artifactory-eng.cargurus.com:443/artifactory/api/npm/npm-registry/builtins/-/builtins-1.0.3.tgz#cb94faeb61c8696451db36534e1422f94f0aee88"
    integrity sha1-y5T662HIaWRR2zZTThQi+U8K7og=
  
  chalk@^2.0.0:
    version "2.4.2"
    resolved "https://artifactory-eng.cargurus.com:443/artifactory/api/npm/npm-registry/chalk/-/chalk-2.4.2.tgz#cd42541677a54333cf541a49108c1432b44c9424"
    integrity sha1-zUJUFnelQzPPVBpJEIwUMrRMlCQ=
    dependencies:
      ansi-styles "^3.2.1"
      escape-string-regexp "^1.0.5"
      supports-color "^5.3.0"
  
  chalk@~2.1.0:
    version "2.1.0"
    resolved "https://artifactory-eng.cargurus.com:443/artifactory/api/npm/npm-registry/chalk/-/chalk-2.1.0.tgz#ac5becf14fa21b99c6c92ca7a7d7cfd5b17e743e"
    integrity sha1-rFvs8U+iG5nGySynp9fP1bF+dD4=
    dependencies:
      ansi-styles "^3.1.0"
      escape-string-regexp "^1.0.5"
      supports-color "^4.0.0"
  
  chardet@^0.4.0:
    version "0.4.2"
    resolved "https://artifactory-eng.cargurus.com:443/artifactory/api/npm/npm-registry/chardet/-/chardet-0.4.2.tgz#b5473b33dc97c424e5d98dc87d55d4d8a29c8bf2"
    integrity sha1-tUc7M9yXxCTl2Y3IfVXU2KKci/I=
  
  chownr@^1.1.1:
    version "1.1.4"
    resolved "https://artifactory-eng.cargurus.com:443/artifactory/api/npm/npm-registry/chownr/-/chownr-1.1.4.tgz#6fc9d7b42d32a583596337666e7d08084da2cc6b"
    integrity sha1-b8nXtC0ypYNZYzdmbn0ICE2izGs=
  
  cli-cursor@^2.1.0:
    version "2.1.0"
    resolved "https://artifactory-eng.cargurus.com:443/artifactory/api/npm/npm-registry/cli-cursor/-/cli-cursor-2.1.0.tgz#b35dac376479facc3e94747d41d0d0f5238ffcb5"
    integrity sha1-s12sN2R5+sw+lHR9QdDQ9SOP/LU=
    dependencies:
      restore-cursor "^2.0.0"
  
  cli-width@^2.0.0:
    version "2.2.1"
    resolved "https://artifactory-eng.cargurus.com:443/artifactory/api/npm/npm-registry/cli-width/-/cli-width-2.2.1.tgz#b0433d0b4e9c847ef18868a4ef16fd5fc8271c48"
    integrity sha1-sEM9C06chH7xiGik7xb9X8gnHEg=
  
  code-point-at@^1.0.0:
    version "1.1.0"
    resolved "https://artifactory-eng.cargurus.com:443/artifactory/api/npm/npm-registry/code-point-at/-/code-point-at-1.1.0.tgz#0d070b4d043a5bea33a2f1a40e2edb3d9a4ccf77"
    integrity sha1-DQcLTQQ6W+ozovGkDi7bPZpMz3c=
  
  color-convert@^1.9.0:
    version "1.9.3"
    resolved "https://artifactory-eng.cargurus.com:443/artifactory/api/npm/npm-registry/color-convert/-/color-convert-1.9.3.tgz#bb71850690e1f136567de629d2d5471deda4c1e8"
    integrity sha1-u3GFBpDh8TZWfeYp0tVHHe2kweg=
    dependencies:
      color-name "1.1.3"
  
  color-name@1.1.3:
    version "1.1.3"
    resolved "https://artifactory-eng.cargurus.com:443/artifactory/api/npm/npm-registry/color-name/-/color-name-1.1.3.tgz#a7d0558bd89c42f795dd42328f740831ca53bc25"
    integrity sha1-p9BVi9icQveV3UIyj3QIMcpTvCU=
  
  command-line-args@^4.0.2:
    version "4.0.7"
    resolved "https://artifactory-eng.cargurus.com:443/artifactory/api/npm/npm-registry/command-line-args/-/command-line-args-4.0.7.tgz#f8d1916ecb90e9e121eda6428e41300bfb64cc46"
    integrity sha1-+NGRbsuQ6eEh7aZCjkEwC/tkzEY=
    dependencies:
      array-back "^2.0.0"
      find-replace "^1.0.3"
      typical "^2.6.1"
  
  command-line-commands@^2.0.0:
    version "2.0.1"
    resolved "https://artifactory-eng.cargurus.com:443/artifactory/api/npm/npm-registry/command-line-commands/-/command-line-commands-2.0.1.tgz#c58aa13dc78c06038ed67077e57ad09a6f858f46"
    integrity sha1-xYqhPceMBgOO1nB35XrQmm+Fj0Y=
    dependencies:
      array-back "^2.0.0"
  
  command-line-usage@^4.0.0:
    version "4.1.0"
    resolved "https://artifactory-eng.cargurus.com:443/artifactory/api/npm/npm-registry/command-line-usage/-/command-line-usage-4.1.0.tgz#a6b3b2e2703b4dcf8bd46ae19e118a9a52972882"
    integrity sha1-prOy4nA7Tc+L1GrhnhGKmlKXKII=
    dependencies:
      ansi-escape-sequences "^4.0.0"
      array-back "^2.0.0"
      table-layout "^0.4.2"
      typical "^2.6.1"
  
  commander@^2.17.0, commander@~2.20.3:
    version "2.20.3"
    resolved "https://artifactory-eng.cargurus.com:443/artifactory/api/npm/npm-registry/commander/-/commander-2.20.3.tgz#fd485e84c03eb4881c20722ba48035e8531aeb33"
    integrity sha1-/UhehMA+tIgcIHIrpIA16FMa6zM=
  
  concat-map@0.0.1:
    version "0.0.1"
    resolved "https://artifactory-eng.cargurus.com:443/artifactory/api/npm/npm-registry/concat-map/-/concat-map-0.0.1.tgz#d8a96bd77fd68df7793a73036a3ba0d5405d477b"
    integrity sha1-2Klr13/Wjfd5OnMDajug1UBdR3s=
  
  console-control-strings@^1.0.0, console-control-strings@~1.1.0:
    version "1.1.0"
    resolved "https://artifactory-eng.cargurus.com:443/artifactory/api/npm/npm-registry/console-control-strings/-/console-control-strings-1.1.0.tgz#3d7cf4464db6446ea644bf4b39507f9851008e8e"
    integrity sha1-PXz0Rk22RG6mRL9LOVB/mFEAjo4=
  
  core-util-is@~1.0.0:
    version "1.0.2"
    resolved "https://artifactory-eng.cargurus.com:443/artifactory/api/npm/npm-registry/core-util-is/-/core-util-is-1.0.2.tgz#b5fd54220aa2bc5ab57aab7140c940754503c1a7"
    integrity sha1-tf1UIgqivFq1eqtxQMlAdUUDwac=
  
  cross-spawn@^6.0.0:
    version "6.0.5"
    resolved "https://artifactory-eng.cargurus.com:443/artifactory/api/npm/npm-registry/cross-spawn/-/cross-spawn-6.0.5.tgz#4a5ec7c64dfae22c3a14124dbacdee846d80cbc4"
    integrity sha1-Sl7Hxk364iw6FBJNus3uhG2Ay8Q=
    dependencies:
      nice-try "^1.0.4"
      path-key "^2.0.1"
      semver "^5.5.0"
      shebang-command "^1.2.0"
      which "^1.2.9"
  
  debug@3.1.0:
    version "3.1.0"
    resolved "https://artifactory-eng.cargurus.com:443/artifactory/api/npm/npm-registry/debug/-/debug-3.1.0.tgz#5bb5a0672628b64149566ba16819e61518c67261"
    integrity sha1-W7WgZyYotkFJVmuhaBnmFRjGcmE=
    dependencies:
      ms "2.0.0"
  
  debug@^3.1.0, debug@^3.2.6:
    version "3.2.6"
    resolved "https://artifactory-eng.cargurus.com:443/artifactory/api/npm/npm-registry/debug/-/debug-3.2.6.tgz#e83d17de16d8a7efb7717edbe5fb10135eee629b"
    integrity sha1-6D0X3hbYp++3cX7b5fsQE17uYps=
    dependencies:
      ms "^2.1.1"
  
  deep-extend@^0.6.0, deep-extend@~0.6.0:
    version "0.6.0"
    resolved "https://artifactory-eng.cargurus.com:443/artifactory/api/npm/npm-registry/deep-extend/-/deep-extend-0.6.0.tgz#c4fa7c95404a17a9c3e8ca7e1537312b736330ac"
    integrity sha1-xPp8lUBKF6nD6Mp+FTcxK3NjMKw=
  
  define-properties@^1.1.2, define-properties@^1.1.3:
    version "1.1.3"
    resolved "https://artifactory-eng.cargurus.com:443/artifactory/api/npm/npm-registry/define-properties/-/define-properties-1.1.3.tgz#cf88da6cbee26fe6db7094f61d870cbd84cee9f1"
    integrity sha1-z4jabL7ib+bbcJT2HYcMvYTO6fE=
    dependencies:
      object-keys "^1.0.12"
  
  delegates@^1.0.0:
    version "1.0.0"
    resolved "https://artifactory-eng.cargurus.com:443/artifactory/api/npm/npm-registry/delegates/-/delegates-1.0.0.tgz#84c6e159b81904fdca59a0ef44cd870d31250f9a"
    integrity sha1-hMbhWbgZBP3KWaDvRM2HDTElD5o=
  
  detect-libc@^1.0.2:
    version "1.0.3"
    resolved "https://artifactory-eng.cargurus.com:443/artifactory/api/npm/npm-registry/detect-libc/-/detect-libc-1.0.3.tgz#fa137c4bd698edf55cd5cd02ac559f91a4c4ba9b"
    integrity sha1-+hN8S9aY7fVc1c0CrFWfkaTEups=
  
  end-of-stream@^1.1.0:
    version "1.4.4"
    resolved "https://artifactory-eng.cargurus.com:443/artifactory/api/npm/npm-registry/end-of-stream/-/end-of-stream-1.4.4.tgz#5ae64a5f45057baf3626ec14da0ca5e4b2431eb0"
    integrity sha1-WuZKX0UFe682JuwU2gyl5LJDHrA=
    dependencies:
      once "^1.4.0"
  
  es-abstract@^1.17.4, es-abstract@^1.17.5:
    version "1.17.5"
    resolved "https://artifactory-eng.cargurus.com:443/artifactory/api/npm/npm-registry/es-abstract/-/es-abstract-1.17.5.tgz#d8c9d1d66c8981fb9200e2251d799eee92774ae9"
    integrity sha1-2MnR1myJgfuSAOIlHXme7pJ3Suk=
    dependencies:
      es-to-primitive "^1.2.1"
      function-bind "^1.1.1"
      has "^1.0.3"
      has-symbols "^1.0.1"
      is-callable "^1.1.5"
      is-regex "^1.0.5"
      object-inspect "^1.7.0"
      object-keys "^1.1.1"
      object.assign "^4.1.0"
      string.prototype.trimleft "^2.1.1"
      string.prototype.trimright "^2.1.1"
  
  es-to-primitive@^1.2.1:
    version "1.2.1"
    resolved "https://artifactory-eng.cargurus.com:443/artifactory/api/npm/npm-registry/es-to-primitive/-/es-to-primitive-1.2.1.tgz#e55cd4c9cdc188bcefb03b366c736323fc5c898a"
    integrity sha1-5VzUyc3BiLzvsDs2bHNjI/xciYo=
    dependencies:
      is-callable "^1.1.4"
      is-date-object "^1.0.1"
      is-symbol "^1.0.2"
  
  es6-promise@^4.0.3:
    version "4.2.8"
    resolved "https://artifactory-eng.cargurus.com:443/artifactory/api/npm/npm-registry/es6-promise/-/es6-promise-4.2.8.tgz#4eb21594c972bc40553d276e510539143db53e0a"
    integrity sha1-TrIVlMlyvEBVPSduUQU5FD21Pgo=
  
  es6-promisify@^5.0.0:
    version "5.0.0"
    resolved "https://artifactory-eng.cargurus.com:443/artifactory/api/npm/npm-registry/es6-promisify/-/es6-promisify-5.0.0.tgz#5109d62f3e56ea967c4b63505aef08291c8a5203"
    integrity sha1-UQnWLz5W6pZ8S2NQWu8IKRyKUgM=
    dependencies:
      es6-promise "^4.0.3"
  
  escape-string-regexp@^1.0.5:
    version "1.0.5"
    resolved "https://artifactory-eng.cargurus.com:443/artifactory/api/npm/npm-registry/escape-string-regexp/-/escape-string-regexp-1.0.5.tgz#1b61c0562190a8dff6ae3bb2cf0200ca130b86d4"
    integrity sha1-G2HAViGQqN/2rjuyzwIAyhMLhtQ=
  
  execa@^1.0.0:
    version "1.0.0"
    resolved "https://artifactory-eng.cargurus.com:443/artifactory/api/npm/npm-registry/execa/-/execa-1.0.0.tgz#c6236a5bb4df6d6f15e88e7f017798216749ddd8"
    integrity sha1-xiNqW7TfbW8V6I5/AXeYIWdJ3dg=
    dependencies:
      cross-spawn "^6.0.0"
      get-stream "^4.0.0"
      is-stream "^1.1.0"
      npm-run-path "^2.0.0"
      p-finally "^1.0.0"
      signal-exit "^3.0.0"
      strip-eof "^1.0.0"
  
  external-editor@^2.0.4:
    version "2.2.0"
    resolved "https://artifactory-eng.cargurus.com:443/artifactory/api/npm/npm-registry/external-editor/-/external-editor-2.2.0.tgz#045511cfd8d133f3846673d1047c154e214ad3d5"
    integrity sha1-BFURz9jRM/OEZnPRBHwVTiFK09U=
    dependencies:
      chardet "^0.4.0"
      iconv-lite "^0.4.17"
      tmp "^0.0.33"
  
  figures@^2.0.0:
    version "2.0.0"
    resolved "https://artifactory-eng.cargurus.com:443/artifactory/api/npm/npm-registry/figures/-/figures-2.0.0.tgz#3ab1a2d2a62c8bfb431a0c94cb797a2fce27c962"
    integrity sha1-OrGi0qYsi/tDGgyUy3l6L84nyWI=
    dependencies:
      escape-string-regexp "^1.0.5"
  
  find-replace@^1.0.3:
    version "1.0.3"
    resolved "https://artifactory-eng.cargurus.com:443/artifactory/api/npm/npm-registry/find-replace/-/find-replace-1.0.3.tgz#b88e7364d2d9c959559f388c66670d6130441fa0"
    integrity sha1-uI5zZNLZyVlVnziMZmcNYTBEH6A=
    dependencies:
      array-back "^1.0.4"
      test-value "^2.1.0"
  
  foreach@^2.0.5:
    version "2.0.5"
    resolved "https://artifactory-eng.cargurus.com:443/artifactory/api/npm/npm-registry/foreach/-/foreach-2.0.5.tgz#0bee005018aeb260d0a3af3ae658dd0136ec1b99"
    integrity sha1-C+4AUBiusmDQo6865ljdATbsG5k=
  
  fs-minipass@^1.2.5:
    version "1.2.7"
    resolved "https://artifactory-eng.cargurus.com:443/artifactory/api/npm/npm-registry/fs-minipass/-/fs-minipass-1.2.7.tgz#ccff8570841e7fe4265693da88936c55aed7f7c7"
    integrity sha1-zP+FcIQef+QmVpPaiJNsVa7X98c=
    dependencies:
      minipass "^2.6.0"
  
  fs.realpath@^1.0.0:
    version "1.0.0"
    resolved "https://artifactory-eng.cargurus.com:443/artifactory/api/npm/npm-registry/fs.realpath/-/fs.realpath-1.0.0.tgz#1504ad2523158caa40db4a2787cb01411994ea4f"
    integrity sha1-FQStJSMVjKpA20onh8sBQRmU6k8=
  
  function-bind@^1.1.1:
    version "1.1.1"
    resolved "https://artifactory-eng.cargurus.com:443/artifactory/api/npm/npm-registry/function-bind/-/function-bind-1.1.1.tgz#a56899d3ea3c9bab874bb9773b7c5ede92f4895d"
    integrity sha1-pWiZ0+o8m6uHS7l3O3xe3pL0iV0=
  
  gauge@~2.7.3:
    version "2.7.4"
    resolved "https://artifactory-eng.cargurus.com:443/artifactory/api/npm/npm-registry/gauge/-/gauge-2.7.4.tgz#2c03405c7538c39d7eb37b317022e325fb018bf7"
    integrity sha1-LANAXHU4w51+s3sxcCLjJfsBi/c=
    dependencies:
      aproba "^1.0.3"
      console-control-strings "^1.0.0"
      has-unicode "^2.0.0"
      object-assign "^4.1.0"
      signal-exit "^3.0.0"
      string-width "^1.0.1"
      strip-ansi "^3.0.1"
      wide-align "^1.1.0"
  
  get-stream@^4.0.0:
    version "4.1.0"
    resolved "https://artifactory-eng.cargurus.com:443/artifactory/api/npm/npm-registry/get-stream/-/get-stream-4.1.0.tgz#c1b255575f3dc21d59bfc79cd3d2b46b1c3a54b5"
    integrity sha1-wbJVV189wh1Zv8ec09K0axw6VLU=
    dependencies:
      pump "^3.0.0"
  
  git-config@0.0.7:
    version "0.0.7"
    resolved "https://artifactory-eng.cargurus.com:443/artifactory/api/npm/npm-registry/git-config/-/git-config-0.0.7.tgz#a9c8a3ef07a776c3d72261356d8b727b62202b28"
    integrity sha1-qcij7wendsPXImE1bYtye2IgKyg=
    dependencies:
      iniparser "~1.0.5"
  
  glob@^7.1.3:
    version "7.1.6"
    resolved "https://artifactory-eng.cargurus.com:443/artifactory/api/npm/npm-registry/glob/-/glob-7.1.6.tgz#141f33b81a7c2492e125594307480c46679278a6"
    integrity sha1-FB8zuBp8JJLhJVlDB0gMRmeSeKY=
    dependencies:
      fs.realpath "^1.0.0"
      inflight "^1.0.4"
      inherits "2"
      minimatch "^3.0.4"
      once "^1.3.0"
      path-is-absolute "^1.0.0"
  
  handlebars@^4.1.0:
    version "4.7.6"
    resolved "https://artifactory-eng.cargurus.com:443/artifactory/api/npm/npm-registry/handlebars/-/handlebars-4.7.6.tgz#d4c05c1baf90e9945f77aa68a7a219aa4a7df74e"
    integrity sha1-1MBcG6+Q6ZRfd6pop6IZqkp9904=
    dependencies:
      minimist "^1.2.5"
      neo-async "^2.6.0"
      source-map "^0.6.1"
      wordwrap "^1.0.0"
    optionalDependencies:
      uglify-js "^3.1.4"
  
  has-flag@^2.0.0:
    version "2.0.0"
    resolved "https://artifactory-eng.cargurus.com:443/artifactory/api/npm/npm-registry/has-flag/-/has-flag-2.0.0.tgz#e8207af1cc7b30d446cc70b734b5e8be18f88d51"
    integrity sha1-6CB68cx7MNRGzHC3NLXovhj4jVE=
  
  has-flag@^3.0.0:
    version "3.0.0"
    resolved "https://artifactory-eng.cargurus.com:443/artifactory/api/npm/npm-registry/has-flag/-/has-flag-3.0.0.tgz#b5d454dc2199ae225699f3467e5a07f3b955bafd"
    integrity sha1-tdRU3CGZriJWmfNGfloH87lVuv0=
  
  has-symbols@^1.0.0, has-symbols@^1.0.1:
    version "1.0.1"
    resolved "https://artifactory-eng.cargurus.com:443/artifactory/api/npm/npm-registry/has-symbols/-/has-symbols-1.0.1.tgz#9f5214758a44196c406d9bd76cebf81ec2dd31e8"
    integrity sha1-n1IUdYpEGWxAbZvXbOv4HsLdMeg=
  
  has-unicode@^2.0.0:
    version "2.0.1"
    resolved "https://artifactory-eng.cargurus.com:443/artifactory/api/npm/npm-registry/has-unicode/-/has-unicode-2.0.1.tgz#e0e6fe6a28cf51138855e086d1691e771de2a8b9"
    integrity sha1-4Ob+aijPUROIVeCG0Wkedx3iqLk=
  
  has@^1.0.3:
    version "1.0.3"
    resolved "https://artifactory-eng.cargurus.com:443/artifactory/api/npm/npm-registry/has/-/has-1.0.3.tgz#722d7cbfc1f6aa8241f16dd814e011e1f41e8796"
    integrity sha1-ci18v8H2qoJB8W3YFOAR4fQeh5Y=
    dependencies:
      function-bind "^1.1.1"
  
  http-proxy-agent@^2.1.0:
    version "2.1.0"
    resolved "https://artifactory-eng.cargurus.com:443/artifactory/api/npm/npm-registry/http-proxy-agent/-/http-proxy-agent-2.1.0.tgz#e4821beef5b2142a2026bd73926fe537631c5405"
    integrity sha1-5IIb7vWyFCogJr1zkm/lN2McVAU=
    dependencies:
      agent-base "4"
      debug "3.1.0"
  
  https-proxy-agent@^2.2.0:
    version "2.2.4"
    resolved "https://artifactory-eng.cargurus.com:443/artifactory/api/npm/npm-registry/https-proxy-agent/-/https-proxy-agent-2.2.4.tgz#4ee7a737abd92678a293d9b34a1af4d0d08c787b"
    integrity sha1-TuenN6vZJniik9mzShr00NCMeHs=
    dependencies:
      agent-base "^4.3.0"
      debug "^3.1.0"
  
  iconv-lite@^0.4.17, iconv-lite@^0.4.4:
    version "0.4.24"
    resolved "https://artifactory-eng.cargurus.com:443/artifactory/api/npm/npm-registry/iconv-lite/-/iconv-lite-0.4.24.tgz#2022b4b25fbddc21d2f524974a474aafe733908b"
    integrity sha1-ICK0sl+93CHS9SSXSkdKr+czkIs=
    dependencies:
      safer-buffer ">= 2.1.2 < 3"
  
  ignore-walk@^3.0.1:
    version "3.0.3"
    resolved "https://artifactory-eng.cargurus.com:443/artifactory/api/npm/npm-registry/ignore-walk/-/ignore-walk-3.0.3.tgz#017e2447184bfeade7c238e4aefdd1e8f95b1e37"
    integrity sha1-AX4kRxhL/q3nwjjkrv3R6PlbHjc=
    dependencies:
      minimatch "^3.0.4"
  
  inflight@^1.0.4:
    version "1.0.6"
    resolved "https://artifactory-eng.cargurus.com:443/artifactory/api/npm/npm-registry/inflight/-/inflight-1.0.6.tgz#49bd6331d7d02d0c09bc910a1075ba8165b56df9"
    integrity sha1-Sb1jMdfQLQwJvJEKEHW6gWW1bfk=
    dependencies:
      once "^1.3.0"
      wrappy "1"
  
  inherits@2, inherits@^2.0.3, inherits@~2.0.3:
    version "2.0.4"
    resolved "https://artifactory-eng.cargurus.com:443/artifactory/api/npm/npm-registry/inherits/-/inherits-2.0.4.tgz#0fa2c64f932917c3433a0ded55363aae37416b7c"
    integrity sha1-D6LGT5MpF8NDOg3tVTY6rjdBa3w=
  
  ini@~1.3.0:
    version "1.3.5"
    resolved "https://artifactory-eng.cargurus.com:443/artifactory/api/npm/npm-registry/ini/-/ini-1.3.5.tgz#eee25f56db1c9ec6085e0c22778083f596abf927"
    integrity sha1-7uJfVtscnsYIXgwid4CD9Zar+Sc=
  
  iniparser@~1.0.5:
    version "1.0.5"
    resolved "https://artifactory-eng.cargurus.com:443/artifactory/api/npm/npm-registry/iniparser/-/iniparser-1.0.5.tgz#836d6befe6dfbfcee0bccf1cf9f2acc7027f783d"
    integrity sha1-g21r7+bfv87gvM8c+fKsxwJ/eD0=
  
  inquirer@^3.0.6:
    version "3.3.0"
    resolved "https://artifactory-eng.cargurus.com:443/artifactory/api/npm/npm-registry/inquirer/-/inquirer-3.3.0.tgz#9dd2f2ad765dcab1ff0443b491442a20ba227dc9"
    integrity sha1-ndLyrXZdyrH/BEO0kUQqILoifck=
    dependencies:
      ansi-escapes "^3.0.0"
      chalk "^2.0.0"
      cli-cursor "^2.1.0"
      cli-width "^2.0.0"
      external-editor "^2.0.4"
      figures "^2.0.0"
      lodash "^4.3.0"
      mute-stream "0.0.7"
      run-async "^2.2.0"
      rx-lite "^4.0.8"
      rx-lite-aggregates "^4.0.8"
      string-width "^2.1.0"
      strip-ansi "^4.0.0"
      through "^2.3.6"
  
  is-arguments@^1.0.4:
    version "1.0.4"
    resolved "https://artifactory-eng.cargurus.com:443/artifactory/api/npm/npm-registry/is-arguments/-/is-arguments-1.0.4.tgz#3faf966c7cba0ff437fb31f6250082fcf0448cf3"
    integrity sha1-P6+WbHy6D/Q3+zH2JQCC/PBEjPM=
  
  is-callable@^1.1.4, is-callable@^1.1.5:
    version "1.1.5"
    resolved "https://artifactory-eng.cargurus.com:443/artifactory/api/npm/npm-registry/is-callable/-/is-callable-1.1.5.tgz#f7e46b596890456db74e7f6e976cb3273d06faab"
    integrity sha1-9+RrWWiQRW23Tn9ul2yzJz0G+qs=
  
  is-date-object@^1.0.1:
    version "1.0.2"
    resolved "https://artifactory-eng.cargurus.com:443/artifactory/api/npm/npm-registry/is-date-object/-/is-date-object-1.0.2.tgz#bda736f2cd8fd06d32844e7743bfa7494c3bfd7e"
    integrity sha1-vac28s2P0G0yhE53Q7+nSUw7/X4=
  
  is-fullwidth-code-point@^1.0.0:
    version "1.0.0"
    resolved "https://artifactory-eng.cargurus.com:443/artifactory/api/npm/npm-registry/is-fullwidth-code-point/-/is-fullwidth-code-point-1.0.0.tgz#ef9e31386f031a7f0d643af82fde50c457ef00cb"
    integrity sha1-754xOG8DGn8NZDr4L95QxFfvAMs=
    dependencies:
      number-is-nan "^1.0.0"
  
  is-fullwidth-code-point@^2.0.0:
    version "2.0.0"
    resolved "https://artifactory-eng.cargurus.com:443/artifactory/api/npm/npm-registry/is-fullwidth-code-point/-/is-fullwidth-code-point-2.0.0.tgz#a3b30a5c4f199183167aaab93beefae3ddfb654f"
    integrity sha1-o7MKXE8ZkYMWeqq5O+764937ZU8=
  
  is-generator-function@^1.0.7:
    version "1.0.7"
    resolved "https://artifactory-eng.cargurus.com:443/artifactory/api/npm/npm-registry/is-generator-function/-/is-generator-function-1.0.7.tgz#d2132e529bb0000a7f80794d4bdf5cd5e5813522"
    integrity sha1-0hMuUpuwAAp/gHlNS99c1eWBNSI=
  
  is-regex@^1.0.5:
    version "1.0.5"
    resolved "https://artifactory-eng.cargurus.com:443/artifactory/api/npm/npm-registry/is-regex/-/is-regex-1.0.5.tgz#39d589a358bf18967f726967120b8fc1aed74eae"
    integrity sha1-OdWJo1i/GJZ/cmlnEguPwa7XTq4=
    dependencies:
      has "^1.0.3"
  
  is-stream@^1.1.0:
    version "1.1.0"
    resolved "https://artifactory-eng.cargurus.com:443/artifactory/api/npm/npm-registry/is-stream/-/is-stream-1.1.0.tgz#12d4a3dd4e68e0b79ceb8dbc84173ae80d91ca44"
    integrity sha1-EtSj3U5o4Lec6428hBc66A2RykQ=
  
  is-symbol@^1.0.2:
    version "1.0.3"
    resolved "https://artifactory-eng.cargurus.com:443/artifactory/api/npm/npm-registry/is-symbol/-/is-symbol-1.0.3.tgz#38e1014b9e6329be0de9d24a414fd7441ec61937"
    integrity sha1-OOEBS55jKb4N6dJKQU/XRB7GGTc=
    dependencies:
      has-symbols "^1.0.1"
  
  is-typed-array@^1.1.3:
    version "1.1.3"
    resolved "https://artifactory-eng.cargurus.com:443/artifactory/api/npm/npm-registry/is-typed-array/-/is-typed-array-1.1.3.tgz#a4ff5a5e672e1a55f99c7f54e59597af5c1df04d"
    integrity sha1-pP9aXmcuGlX5nH9U5ZWXr1wd8E0=
    dependencies:
      available-typed-arrays "^1.0.0"
      es-abstract "^1.17.4"
      foreach "^2.0.5"
      has-symbols "^1.0.1"
  
  isarray@~1.0.0:
    version "1.0.0"
    resolved "https://artifactory-eng.cargurus.com:443/artifactory/api/npm/npm-registry/isarray/-/isarray-1.0.0.tgz#bb935d48582cba168c06834957a54a3e07124f11"
    integrity sha1-u5NdSFgsuhaMBoNJV6VKPgcSTxE=
  
  isexe@^2.0.0:
    version "2.0.0"
    resolved "https://artifactory-eng.cargurus.com:443/artifactory/api/npm/npm-registry/isexe/-/isexe-2.0.0.tgz#e8fbf374dc556ff8947a10dcb0572d633f2cfa10"
    integrity sha1-6PvzdNxVb/iUehDcsFctYz8s+hA=
  
  lodash.padend@^4.6.1:
    version "4.6.1"
    resolved "https://artifactory-eng.cargurus.com:443/artifactory/api/npm/npm-registry/lodash.padend/-/lodash.padend-4.6.1.tgz#53ccba047d06e158d311f45da625f4e49e6f166e"
    integrity sha1-U8y6BH0G4VjTEfRdpiX05J5vFm4=
  
  lodash@^4.17.4, lodash@^4.3.0:
    version "4.17.15"
    resolved "https://artifactory-eng.cargurus.com:443/artifactory/api/npm/npm-registry/lodash/-/lodash-4.17.15.tgz#b447f6670a0455bbfeedd11392eff330ea097548"
    integrity sha1-tEf2ZwoEVbv+7dETku/zMOoJdUg=
  
  macos-release@^2.2.0:
    version "2.3.0"
    resolved "https://artifactory-eng.cargurus.com:443/artifactory/api/npm/npm-registry/macos-release/-/macos-release-2.3.0.tgz#eb1930b036c0800adebccd5f17bc4c12de8bb71f"
    integrity sha1-6xkwsDbAgArevM1fF7xMEt6Ltx8=
  
  mime-db@1.44.0:
    version "1.44.0"
    resolved "https://artifactory-eng.cargurus.com:443/artifactory/api/npm/npm-registry/mime-db/-/mime-db-1.44.0.tgz#fa11c5eb0aca1334b4233cb4d52f10c5a6272f92"
    integrity sha1-+hHF6wrKEzS0Izy01S8QxaYnL5I=
  
  mime-types@^2.1.19:
    version "2.1.27"
    resolved "https://artifactory-eng.cargurus.com:443/artifactory/api/npm/npm-registry/mime-types/-/mime-types-2.1.27.tgz#47949f98e279ea53119f5722e0f34e529bec009f"
    integrity sha1-R5SfmOJ56lMRn1ci4PNOUpvsAJ8=
    dependencies:
      mime-db "1.44.0"
  
  mimic-fn@^1.0.0:
    version "1.2.0"
    resolved "https://artifactory-eng.cargurus.com:443/artifactory/api/npm/npm-registry/mimic-fn/-/mimic-fn-1.2.0.tgz#820c86a39334640e99516928bd03fca88057d022"
    integrity sha1-ggyGo5M0ZA6ZUWkovQP8qIBX0CI=
  
  minimatch@^3.0.4:
    version "3.0.4"
    resolved "https://artifactory-eng.cargurus.com:443/artifactory/api/npm/npm-registry/minimatch/-/minimatch-3.0.4.tgz#5166e286457f03306064be5497e8dbb0c3d32083"
    integrity sha1-UWbihkV/AzBgZL5Ul+jbsMPTIIM=
    dependencies:
      brace-expansion "^1.1.7"
  
  minimist@^1.2.0, minimist@^1.2.5:
    version "1.2.5"
    resolved "https://artifactory-eng.cargurus.com:443/artifactory/api/npm/npm-registry/minimist/-/minimist-1.2.5.tgz#67d66014b66a6a8aaa0c083c5fd58df4e4e97602"
    integrity sha1-Z9ZgFLZqaoqqDAg8X9WN9OTpdgI=
  
  minipass@^2.6.0, minipass@^2.8.6, minipass@^2.9.0:
    version "2.9.0"
    resolved "https://artifactory-eng.cargurus.com:443/artifactory/api/npm/npm-registry/minipass/-/minipass-2.9.0.tgz#e713762e7d3e32fed803115cf93e04bca9fcc9a6"
    integrity sha1-5xN2Ln0+Mv7YAxFc+T4EvKn8yaY=
    dependencies:
      safe-buffer "^5.1.2"
      yallist "^3.0.0"
  
  minizlib@^1.2.1:
    version "1.3.3"
    resolved "https://artifactory-eng.cargurus.com:443/artifactory/api/npm/npm-registry/minizlib/-/minizlib-1.3.3.tgz#2290de96818a34c29551c8a8d301216bd65a861d"
    integrity sha1-IpDeloGKNMKVUcio0wEha9Zahh0=
    dependencies:
      minipass "^2.9.0"
  
  mkdirp@^0.5.0, mkdirp@^0.5.1, mkdirp@~0.5.0:
    version "0.5.5"
    resolved "https://artifactory-eng.cargurus.com:443/artifactory/api/npm/npm-registry/mkdirp/-/mkdirp-0.5.5.tgz#d91cefd62d1436ca0f41620e251288d420099def"
    integrity sha1-2Rzv1i0UNsoPQWIOJRKI1CAJne8=
    dependencies:
      minimist "^1.2.5"
  
  ms@2.0.0:
    version "2.0.0"
    resolved "https://artifactory-eng.cargurus.com:443/artifactory/api/npm/npm-registry/ms/-/ms-2.0.0.tgz#5608aeadfc00be6c2901df5f9861788de0d597c8"
    integrity sha1-VgiurfwAvmwpAd9fmGF4jeDVl8g=
  
  ms@^2.1.1:
    version "2.1.2"
    resolved "https://artifactory-eng.cargurus.com:443/artifactory/api/npm/npm-registry/ms/-/ms-2.1.2.tgz#d09d1f357b443f493382a8eb3ccd183872ae6009"
    integrity sha1-0J0fNXtEP0kzgqjrPM0YOHKuYAk=
  
  mute-stream@0.0.7:
    version "0.0.7"
    resolved "https://artifactory-eng.cargurus.com:443/artifactory/api/npm/npm-registry/mute-stream/-/mute-stream-0.0.7.tgz#3075ce93bc21b8fab43e1bc4da7e8115ed1e7bab"
    integrity sha1-MHXOk7whuPq0PhvE2n6BFe0ee6s=
  
  needle@^2.2.1:
    version "2.4.1"
    resolved "https://artifactory-eng.cargurus.com:443/artifactory/api/npm/npm-registry/needle/-/needle-2.4.1.tgz#14af48732463d7475696f937626b1b993247a56a"
    integrity sha1-FK9IcyRj10dWlvk3YmsbmTJHpWo=
    dependencies:
      debug "^3.2.6"
      iconv-lite "^0.4.4"
      sax "^1.2.4"
  
  neo-async@^2.6.0:
    version "2.6.1"
    resolved "https://artifactory-eng.cargurus.com:443/artifactory/api/npm/npm-registry/neo-async/-/neo-async-2.6.1.tgz#ac27ada66167fa8849a6addd837f6b189ad2081c"
    integrity sha1-rCetpmFn+ohJpq3dg39rGJrSCBw=
  
  neon-cli@^0.4.0:
    version "0.4.0"
    resolved "https://artifactory-eng.cargurus.com:443/artifactory/api/npm/npm-registry/neon-cli/-/neon-cli-0.4.0.tgz#d89e0a55b8db577324af70470e2b4e67157205f6"
    integrity sha1-2J4KVbjbV3Mkr3BHDitOZxVyBfY=
    dependencies:
      chalk "~2.1.0"
      command-line-args "^4.0.2"
      command-line-commands "^2.0.0"
      command-line-usage "^4.0.0"
      git-config "0.0.7"
      handlebars "^4.1.0"
      inquirer "^3.0.6"
      mkdirp "^0.5.1"
      quickly-copy-file "^1.0.0"
      rimraf "^2.6.1"
      rsvp "^4.6.1"
      semver "^5.1.0"
      toml "^2.3.0"
      ts-typed-json "^0.2.2"
      validate-npm-package-license "^3.0.1"
      validate-npm-package-name "^3.0.0"
  
  nice-try@^1.0.4:
    version "1.0.5"
    resolved "https://artifactory-eng.cargurus.com:443/artifactory/api/npm/npm-registry/nice-try/-/nice-try-1.0.5.tgz#a3378a7696ce7d223e88fc9b764bd7ef1089e366"
    integrity sha1-ozeKdpbOfSI+iPybdkvX7xCJ42Y=
  
  node-fetch@^2.1.1:
    version "2.6.0"
    resolved "https://artifactory-eng.cargurus.com:443/artifactory/api/npm/npm-registry/node-fetch/-/node-fetch-2.6.0.tgz#e633456386d4aa55863f676a7ab0daa8fdecb0fd"
    integrity sha1-5jNFY4bUqlWGP2dqerDaqP3ssP0=
  
  node-pre-gyp-github@^1.4.3:
    version "1.4.3"
    resolved "https://artifactory-eng.cargurus.com:443/artifactory/api/npm/npm-registry/node-pre-gyp-github/-/node-pre-gyp-github-1.4.3.tgz#5619999843216df6870cb2daba46c138258068c5"
    integrity sha1-VhmZmEMhbfaHDLLaukbBOCWAaMU=
    dependencies:
      "@octokit/rest" "^15.9.5"
      commander "^2.17.0"
      mime-types "^2.1.19"
  
  node-pre-gyp@amilajack/node-pre-gyp:
    version "0.12.0"
    resolved "https://codeload.github.com/amilajack/node-pre-gyp/tar.gz/ff9e93e969d2e385c22901a3c16cb8877dd1d01c"
    dependencies:
      detect-libc "^1.0.2"
      mkdirp "^0.5.1"
      needle "^2.2.1"
      nopt "^4.0.1"
      npm-packlist "^1.1.6"
      npmlog "^4.0.2"
      rc "^1.2.7"
      rimraf "^2.6.1"
      semver "^5.3.0"
      tar "^4"
  
  nopt@^4.0.1:
    version "4.0.3"
    resolved "https://artifactory-eng.cargurus.com:443/artifactory/api/npm/npm-registry/nopt/-/nopt-4.0.3.tgz#a375cad9d02fd921278d954c2254d5aa57e15e48"
    integrity sha1-o3XK2dAv2SEnjZVMIlTVqlfhXkg=
    dependencies:
      abbrev "1"
      osenv "^0.1.4"
  
  npm-bundled@^1.0.1:
    version "1.1.1"
    resolved "https://artifactory-eng.cargurus.com:443/artifactory/api/npm/npm-registry/npm-bundled/-/npm-bundled-1.1.1.tgz#1edd570865a94cdb1bc8220775e29466c9fb234b"
    integrity sha1-Ht1XCGWpTNsbyCIHdeKUZsn7I0s=
    dependencies:
      npm-normalize-package-bin "^1.0.1"
  
  npm-normalize-package-bin@^1.0.1:
    version "1.0.1"
    resolved "https://artifactory-eng.cargurus.com:443/artifactory/api/npm/npm-registry/npm-normalize-package-bin/-/npm-normalize-package-bin-1.0.1.tgz#6e79a41f23fd235c0623218228da7d9c23b8f6e2"
    integrity sha1-bnmkHyP9I1wGIyGCKNp9nCO49uI=
  
  npm-packlist@^1.1.6:
    version "1.4.8"
    resolved "https://artifactory-eng.cargurus.com:443/artifactory/api/npm/npm-registry/npm-packlist/-/npm-packlist-1.4.8.tgz#56ee6cc135b9f98ad3d51c1c95da22bbb9b2ef3e"
    integrity sha1-Vu5swTW5+YrT1Rwcldoiu7my7z4=
    dependencies:
      ignore-walk "^3.0.1"
      npm-bundled "^1.0.1"
      npm-normalize-package-bin "^1.0.1"
  
  npm-run-path@^2.0.0:
    version "2.0.2"
    resolved "https://artifactory-eng.cargurus.com:443/artifactory/api/npm/npm-registry/npm-run-path/-/npm-run-path-2.0.2.tgz#35a9232dfa35d7067b4cb2ddf2357b1871536c5f"
    integrity sha1-NakjLfo11wZ7TLLd8jV7GHFTbF8=
    dependencies:
      path-key "^2.0.0"
  
  npmlog@^4.0.2:
    version "4.1.2"
    resolved "https://artifactory-eng.cargurus.com:443/artifactory/api/npm/npm-registry/npmlog/-/npmlog-4.1.2.tgz#08a7f2a8bf734604779a9efa4ad5cc717abb954b"
    integrity sha1-CKfyqL9zRgR3mp76StXMcXq7lUs=
    dependencies:
      are-we-there-yet "~1.1.2"
      console-control-strings "~1.1.0"
      gauge "~2.7.3"
      set-blocking "~2.0.0"
  
  number-is-nan@^1.0.0:
    version "1.0.1"
    resolved "https://artifactory-eng.cargurus.com:443/artifactory/api/npm/npm-registry/number-is-nan/-/number-is-nan-1.0.1.tgz#097b602b53422a522c1afb8790318336941a011d"
    integrity sha1-CXtgK1NCKlIsGvuHkDGDNpQaAR0=
  
  object-assign@^4.1.0:
    version "4.1.1"
    resolved "https://artifactory-eng.cargurus.com:443/artifactory/api/npm/npm-registry/object-assign/-/object-assign-4.1.1.tgz#2109adc7965887cfc05cbbd442cac8bfbb360863"
    integrity sha1-IQmtx5ZYh8/AXLvUQsrIv7s2CGM=
  
  object-inspect@^1.7.0:
    version "1.7.0"
    resolved "https://artifactory-eng.cargurus.com:443/artifactory/api/npm/npm-registry/object-inspect/-/object-inspect-1.7.0.tgz#f4f6bd181ad77f006b5ece60bd0b6f398ff74a67"
    integrity sha1-9Pa9GBrXfwBrXs5gvQtvOY/3Smc=
  
  object-keys@^1.0.11, object-keys@^1.0.12, object-keys@^1.1.1:
    version "1.1.1"
    resolved "https://artifactory-eng.cargurus.com:443/artifactory/api/npm/npm-registry/object-keys/-/object-keys-1.1.1.tgz#1c47f272df277f3b1daf061677d9c82e2322c60e"
    integrity sha1-HEfyct8nfzsdrwYWd9nILiMixg4=
  
  object.assign@^4.1.0:
    version "4.1.0"
    resolved "https://artifactory-eng.cargurus.com:443/artifactory/api/npm/npm-registry/object.assign/-/object.assign-4.1.0.tgz#968bf1100d7956bb3ca086f006f846b3bc4008da"
    integrity sha1-lovxEA15Vrs8oIbwBvhGs7xACNo=
    dependencies:
      define-properties "^1.1.2"
      function-bind "^1.1.1"
      has-symbols "^1.0.0"
      object-keys "^1.0.11"
  
  once@^1.3.0, once@^1.3.1, once@^1.4.0:
    version "1.4.0"
    resolved "https://artifactory-eng.cargurus.com:443/artifactory/api/npm/npm-registry/once/-/once-1.4.0.tgz#583b1aa775961d4b113ac17d9c50baef9dd76bd1"
    integrity sha1-WDsap3WWHUsROsF9nFC6753Xa9E=
    dependencies:
      wrappy "1"
  
  onetime@^2.0.0:
    version "2.0.1"
    resolved "https://artifactory-eng.cargurus.com:443/artifactory/api/npm/npm-registry/onetime/-/onetime-2.0.1.tgz#067428230fd67443b2794b22bba528b6867962d4"
    integrity sha1-BnQoIw/WdEOyeUsiu6UotoZ5YtQ=
    dependencies:
      mimic-fn "^1.0.0"
  
  os-homedir@^1.0.0:
    version "1.0.2"
    resolved "https://artifactory-eng.cargurus.com:443/artifactory/api/npm/npm-registry/os-homedir/-/os-homedir-1.0.2.tgz#ffbc4988336e0e833de0c168c7ef152121aa7fb3"
    integrity sha1-/7xJiDNuDoM94MFox+8VISGqf7M=
  
  os-name@^3.0.0:
    version "3.1.0"
    resolved "https://artifactory-eng.cargurus.com:443/artifactory/api/npm/npm-registry/os-name/-/os-name-3.1.0.tgz#dec19d966296e1cd62d701a5a66ee1ddeae70801"
    integrity sha1-3sGdlmKW4c1i1wGlpm7h3ernCAE=
    dependencies:
      macos-release "^2.2.0"
      windows-release "^3.1.0"
  
  os-tmpdir@^1.0.0, os-tmpdir@~1.0.2:
    version "1.0.2"
    resolved "https://artifactory-eng.cargurus.com:443/artifactory/api/npm/npm-registry/os-tmpdir/-/os-tmpdir-1.0.2.tgz#bbe67406c79aa85c5cfec766fe5734555dfa1274"
    integrity sha1-u+Z0BseaqFxc/sdm/lc0VV36EnQ=
  
  osenv@^0.1.4:
    version "0.1.5"
    resolved "https://artifactory-eng.cargurus.com:443/artifactory/api/npm/npm-registry/osenv/-/osenv-0.1.5.tgz#85cdfafaeb28e8677f416e287592b5f3f49ea410"
    integrity sha1-hc36+uso6Gd/QW4odZK18/SepBA=
    dependencies:
      os-homedir "^1.0.0"
      os-tmpdir "^1.0.0"
  
  p-finally@^1.0.0:
    version "1.0.0"
    resolved "https://artifactory-eng.cargurus.com:443/artifactory/api/npm/npm-registry/p-finally/-/p-finally-1.0.0.tgz#3fbcfb15b899a44123b34b6dcc18b724336a2cae"
    integrity sha1-P7z7FbiZpEEjs0ttzBi3JDNqLK4=
  
  path-is-absolute@^1.0.0:
    version "1.0.1"
    resolved "https://artifactory-eng.cargurus.com:443/artifactory/api/npm/npm-registry/path-is-absolute/-/path-is-absolute-1.0.1.tgz#174b9268735534ffbc7ace6bf53a5a9e1b5c5f5f"
    integrity sha1-F0uSaHNVNP+8es5r9TpanhtcX18=
  
  path-key@^2.0.0, path-key@^2.0.1:
    version "2.0.1"
    resolved "https://artifactory-eng.cargurus.com:443/artifactory/api/npm/npm-registry/path-key/-/path-key-2.0.1.tgz#411cadb574c5a140d3a4b1910d40d80cc9f40b40"
    integrity sha1-QRyttXTFoUDTpLGRDUDYDMn0C0A=
  
  process-nextick-args@~2.0.0:
    version "2.0.1"
    resolved "https://artifactory-eng.cargurus.com:443/artifactory/api/npm/npm-registry/process-nextick-args/-/process-nextick-args-2.0.1.tgz#7820d9b16120cc55ca9ae7792680ae7dba6d7fe2"
    integrity sha1-eCDZsWEgzFXKmud5JoCufbptf+I=
  
  pump@^3.0.0:
    version "3.0.0"
    resolved "https://artifactory-eng.cargurus.com:443/artifactory/api/npm/npm-registry/pump/-/pump-3.0.0.tgz#b4a2116815bde2f4e1ea602354e8c75565107a64"
    integrity sha1-tKIRaBW94vTh6mAjVOjHVWUQemQ=
    dependencies:
      end-of-stream "^1.1.0"
      once "^1.3.1"
  
  quickly-copy-file@^1.0.0:
    version "1.0.0"
    resolved "https://artifactory-eng.cargurus.com:443/artifactory/api/npm/npm-registry/quickly-copy-file/-/quickly-copy-file-1.0.0.tgz#9f8ff066230510ee7422b0121472b093a8690859"
    integrity sha1-n4/wZiMFEO50IrASFHKwk6hpCFk=
    dependencies:
      mkdirp "~0.5.0"
  
  rc@^1.2.7:
    version "1.2.8"
    resolved "https://artifactory-eng.cargurus.com:443/artifactory/api/npm/npm-registry/rc/-/rc-1.2.8.tgz#cd924bf5200a075b83c188cd6b9e211b7fc0d3ed"
    integrity sha1-zZJL9SAKB1uDwYjNa54hG3/A0+0=
    dependencies:
      deep-extend "^0.6.0"
      ini "~1.3.0"
      minimist "^1.2.0"
      strip-json-comments "~2.0.1"
  
  readable-stream@^2.0.6:
    version "2.3.7"
    resolved "https://artifactory-eng.cargurus.com:443/artifactory/api/npm/npm-registry/readable-stream/-/readable-stream-2.3.7.tgz#1eca1cf711aef814c04f62252a36a62f6cb23b57"
    integrity sha1-Hsoc9xGu+BTAT2IlKjamL2yyO1c=
    dependencies:
      core-util-is "~1.0.0"
      inherits "~2.0.3"
      isarray "~1.0.0"
      process-nextick-args "~2.0.0"
      safe-buffer "~5.1.1"
      string_decoder "~1.1.1"
      util-deprecate "~1.0.1"
  
  reduce-flatten@^1.0.1:
    version "1.0.1"
    resolved "https://artifactory-eng.cargurus.com:443/artifactory/api/npm/npm-registry/reduce-flatten/-/reduce-flatten-1.0.1.tgz#258c78efd153ddf93cb561237f61184f3696e327"
    integrity sha1-JYx479FT3fk8tWEjf2EYTzaW4yc=
  
  restore-cursor@^2.0.0:
    version "2.0.0"
    resolved "https://artifactory-eng.cargurus.com:443/artifactory/api/npm/npm-registry/restore-cursor/-/restore-cursor-2.0.0.tgz#9f7ee287f82fd326d4fd162923d62129eee0dfaf"
    integrity sha1-n37ih/gv0ybU/RYpI9YhKe7g368=
    dependencies:
      onetime "^2.0.0"
      signal-exit "^3.0.2"
  
  rimraf@^2.6.1:
    version "2.7.1"
    resolved "https://artifactory-eng.cargurus.com:443/artifactory/api/npm/npm-registry/rimraf/-/rimraf-2.7.1.tgz#35797f13a7fdadc566142c29d4f07ccad483e3ec"
    integrity sha1-NXl/E6f9rcVmFCwp1PB8ytSD4+w=
    dependencies:
      glob "^7.1.3"
  
  rsvp@^3.5.0:
    version "3.6.2"
    resolved "https://artifactory-eng.cargurus.com:443/artifactory/api/npm/npm-registry/rsvp/-/rsvp-3.6.2.tgz#2e96491599a96cde1b515d5674a8f7a91452926a"
    integrity sha1-LpZJFZmpbN4bUV1WdKj3qRRSkmo=
  
  rsvp@^4.6.1:
    version "4.8.5"
    resolved "https://artifactory-eng.cargurus.com:443/artifactory/api/npm/npm-registry/rsvp/-/rsvp-4.8.5.tgz#c8f155311d167f68f21e168df71ec5b083113734"
    integrity sha1-yPFVMR0Wf2jyHhaN9x7FsIMRNzQ=
  
  run-async@^2.2.0:
    version "2.4.1"
    resolved "https://artifactory-eng.cargurus.com:443/artifactory/api/npm/npm-registry/run-async/-/run-async-2.4.1.tgz#8440eccf99ea3e70bd409d49aab88e10c189a455"
    integrity sha1-hEDsz5nqPnC9QJ1JqriOEMGJpFU=
  
  rx-lite-aggregates@^4.0.8:
    version "4.0.8"
    resolved "https://artifactory-eng.cargurus.com:443/artifactory/api/npm/npm-registry/rx-lite-aggregates/-/rx-lite-aggregates-4.0.8.tgz#753b87a89a11c95467c4ac1626c4efc4e05c67be"
    integrity sha1-dTuHqJoRyVRnxKwWJsTvxOBcZ74=
    dependencies:
      rx-lite "*"
  
  rx-lite@*, rx-lite@^4.0.8:
    version "4.0.8"
    resolved "https://artifactory-eng.cargurus.com:443/artifactory/api/npm/npm-registry/rx-lite/-/rx-lite-4.0.8.tgz#0b1e11af8bc44836f04a6407e92da42467b79444"
    integrity sha1-Cx4Rr4vESDbwSmQH6S2kJGe3lEQ=
  
  safe-buffer@^5.1.2:
    version "5.2.0"
    resolved "https://artifactory-eng.cargurus.com:443/artifactory/api/npm/npm-registry/safe-buffer/-/safe-buffer-5.2.0.tgz#b74daec49b1148f88c64b68d49b1e815c1f2f519"
    integrity sha1-t02uxJsRSPiMZLaNSbHoFcHy9Rk=
  
  safe-buffer@~5.1.0, safe-buffer@~5.1.1:
    version "5.1.2"
    resolved "https://artifactory-eng.cargurus.com:443/artifactory/api/npm/npm-registry/safe-buffer/-/safe-buffer-5.1.2.tgz#991ec69d296e0313747d59bdfd2b745c35f8828d"
    integrity sha1-mR7GnSluAxN0fVm9/St0XDX4go0=
  
  "safer-buffer@>= 2.1.2 < 3":
    version "2.1.2"
    resolved "https://artifactory-eng.cargurus.com:443/artifactory/api/npm/npm-registry/safer-buffer/-/safer-buffer-2.1.2.tgz#44fa161b0187b9549dd84bb91802f9bd8385cd6a"
    integrity sha1-RPoWGwGHuVSd2Eu5GAL5vYOFzWo=
  
  sax@^1.2.4:
    version "1.2.4"
    resolved "https://artifactory-eng.cargurus.com:443/artifactory/api/npm/npm-registry/sax/-/sax-1.2.4.tgz#2816234e2378bddc4e5354fab5caa895df7100d9"
    integrity sha1-KBYjTiN4vdxOU1T6tcqold9xANk=
  
  semver@^5.1.0, semver@^5.3.0, semver@^5.5.0:
    version "5.7.1"
    resolved "https://artifactory-eng.cargurus.com:443/artifactory/api/npm/npm-registry/semver/-/semver-5.7.1.tgz#a954f931aeba508d307bbf069eff0c01c96116f7"
    integrity sha1-qVT5Ma66UI0we78Gnv8MAclhFvc=
  
  set-blocking@~2.0.0:
    version "2.0.0"
    resolved "https://artifactory-eng.cargurus.com:443/artifactory/api/npm/npm-registry/set-blocking/-/set-blocking-2.0.0.tgz#045f9782d011ae9a6803ddd382b24392b3d890f7"
    integrity sha1-BF+XgtARrppoA93TgrJDkrPYkPc=
  
  shebang-command@^1.2.0:
    version "1.2.0"
    resolved "https://artifactory-eng.cargurus.com:443/artifactory/api/npm/npm-registry/shebang-command/-/shebang-command-1.2.0.tgz#44aac65b695b03398968c39f363fee5deafdf1ea"
    integrity sha1-RKrGW2lbAzmJaMOfNj/uXer98eo=
    dependencies:
      shebang-regex "^1.0.0"
  
  shebang-regex@^1.0.0:
    version "1.0.0"
    resolved "https://artifactory-eng.cargurus.com:443/artifactory/api/npm/npm-registry/shebang-regex/-/shebang-regex-1.0.0.tgz#da42f49740c0b42db2ca9728571cb190c98efea3"
    integrity sha1-2kL0l0DAtC2yypcoVxyxkMmO/qM=
  
  signal-exit@^3.0.0, signal-exit@^3.0.2:
    version "3.0.3"
    resolved "https://artifactory-eng.cargurus.com:443/artifactory/api/npm/npm-registry/signal-exit/-/signal-exit-3.0.3.tgz#a1410c2edd8f077b08b4e253c8eacfcaf057461c"
    integrity sha1-oUEMLt2PB3sItOJTyOrPyvBXRhw=
  
  source-map@^0.6.1:
    version "0.6.1"
    resolved "https://artifactory-eng.cargurus.com:443/artifactory/api/npm/npm-registry/source-map/-/source-map-0.6.1.tgz#74722af32e9614e9c287a8d0bbde48b5e2f1a263"
    integrity sha1-dHIq8y6WFOnCh6jQu95IteLxomM=
  
  spdx-correct@^3.0.0:
    version "3.1.0"
    resolved "https://artifactory-eng.cargurus.com:443/artifactory/api/npm/npm-registry/spdx-correct/-/spdx-correct-3.1.0.tgz#fb83e504445268f154b074e218c87c003cd31df4"
    integrity sha1-+4PlBERSaPFUsHTiGMh8ADzTHfQ=
    dependencies:
      spdx-expression-parse "^3.0.0"
      spdx-license-ids "^3.0.0"
  
  spdx-exceptions@^2.1.0:
    version "2.3.0"
    resolved "https://artifactory-eng.cargurus.com:443/artifactory/api/npm/npm-registry/spdx-exceptions/-/spdx-exceptions-2.3.0.tgz#3f28ce1a77a00372683eade4a433183527a2163d"
    integrity sha1-PyjOGnegA3JoPq3kpDMYNSeiFj0=
  
  spdx-expression-parse@^3.0.0:
    version "3.0.0"
    resolved "https://artifactory-eng.cargurus.com:443/artifactory/api/npm/npm-registry/spdx-expression-parse/-/spdx-expression-parse-3.0.0.tgz#99e119b7a5da00e05491c9fa338b7904823b41d0"
    integrity sha1-meEZt6XaAOBUkcn6M4t5BII7QdA=
    dependencies:
      spdx-exceptions "^2.1.0"
      spdx-license-ids "^3.0.0"
  
  spdx-license-ids@^3.0.0:
    version "3.0.5"
    resolved "https://artifactory-eng.cargurus.com:443/artifactory/api/npm/npm-registry/spdx-license-ids/-/spdx-license-ids-3.0.5.tgz#3694b5804567a458d3c8045842a6358632f62654"
    integrity sha1-NpS1gEVnpFjTyARYQqY1hjL2JlQ=
  
  string-width@^1.0.1:
    version "1.0.2"
    resolved "https://artifactory-eng.cargurus.com:443/artifactory/api/npm/npm-registry/string-width/-/string-width-1.0.2.tgz#118bdf5b8cdc51a2a7e70d211e07e2b0b9b107d3"
    integrity sha1-EYvfW4zcUaKn5w0hHgfisLmxB9M=
    dependencies:
      code-point-at "^1.0.0"
      is-fullwidth-code-point "^1.0.0"
      strip-ansi "^3.0.0"
  
  "string-width@^1.0.2 || 2", string-width@^2.1.0:
    version "2.1.1"
    resolved "https://artifactory-eng.cargurus.com:443/artifactory/api/npm/npm-registry/string-width/-/string-width-2.1.1.tgz#ab93f27a8dc13d28cac815c462143a6d9012ae9e"
    integrity sha1-q5Pyeo3BPSjKyBXEYhQ6bZASrp4=
    dependencies:
      is-fullwidth-code-point "^2.0.0"
      strip-ansi "^4.0.0"
  
  string.prototype.trimend@^1.0.0:
    version "1.0.1"
    resolved "https://artifactory-eng.cargurus.com:443/artifactory/api/npm/npm-registry/string.prototype.trimend/-/string.prototype.trimend-1.0.1.tgz#85812a6b847ac002270f5808146064c995fb6913"
    integrity sha1-hYEqa4R6wAInD1gIFGBkyZX7aRM=
    dependencies:
      define-properties "^1.1.3"
      es-abstract "^1.17.5"
  
  string.prototype.trimleft@^2.1.1:
    version "2.1.2"
    resolved "https://artifactory-eng.cargurus.com:443/artifactory/api/npm/npm-registry/string.prototype.trimleft/-/string.prototype.trimleft-2.1.2.tgz#4408aa2e5d6ddd0c9a80739b087fbc067c03b3cc"
    integrity sha1-RAiqLl1t3QyagHObCH+8BnwDs8w=
    dependencies:
      define-properties "^1.1.3"
      es-abstract "^1.17.5"
      string.prototype.trimstart "^1.0.0"
  
  string.prototype.trimright@^2.1.1:
    version "2.1.2"
    resolved "https://artifactory-eng.cargurus.com:443/artifactory/api/npm/npm-registry/string.prototype.trimright/-/string.prototype.trimright-2.1.2.tgz#c76f1cef30f21bbad8afeb8db1511496cfb0f2a3"
    integrity sha1-x28c7zDyG7rYr+uNsVEUls+w8qM=
    dependencies:
      define-properties "^1.1.3"
      es-abstract "^1.17.5"
      string.prototype.trimend "^1.0.0"
  
  string.prototype.trimstart@^1.0.0:
    version "1.0.1"
    resolved "https://artifactory-eng.cargurus.com:443/artifactory/api/npm/npm-registry/string.prototype.trimstart/-/string.prototype.trimstart-1.0.1.tgz#14af6d9f34b053f7cfc89b72f8f2ee14b9039a54"
    integrity sha1-FK9tnzSwU/fPyJty+PLuFLkDmlQ=
    dependencies:
      define-properties "^1.1.3"
      es-abstract "^1.17.5"
  
  string_decoder@~1.1.1:
    version "1.1.1"
    resolved "https://artifactory-eng.cargurus.com:443/artifactory/api/npm/npm-registry/string_decoder/-/string_decoder-1.1.1.tgz#9cf1611ba62685d7030ae9e4ba34149c3af03fc8"
    integrity sha1-nPFhG6YmhdcDCunkujQUnDrwP8g=
    dependencies:
      safe-buffer "~5.1.0"
  
  strip-ansi@^3.0.0, strip-ansi@^3.0.1:
    version "3.0.1"
    resolved "https://artifactory-eng.cargurus.com:443/artifactory/api/npm/npm-registry/strip-ansi/-/strip-ansi-3.0.1.tgz#6a385fb8853d952d5ff05d0e8aaf94278dc63dcf"
    integrity sha1-ajhfuIU9lS1f8F0Oiq+UJ43GPc8=
    dependencies:
      ansi-regex "^2.0.0"
  
  strip-ansi@^4.0.0:
    version "4.0.0"
    resolved "https://artifactory-eng.cargurus.com:443/artifactory/api/npm/npm-registry/strip-ansi/-/strip-ansi-4.0.0.tgz#a8479022eb1ac368a871389b635262c505ee368f"
    integrity sha1-qEeQIusaw2iocTibY1JixQXuNo8=
    dependencies:
      ansi-regex "^3.0.0"
  
  strip-eof@^1.0.0:
    version "1.0.0"
    resolved "https://artifactory-eng.cargurus.com:443/artifactory/api/npm/npm-registry/strip-eof/-/strip-eof-1.0.0.tgz#bb43ff5598a6eb05d89b59fcd129c983313606bf"
    integrity sha1-u0P/VZim6wXYm1n80SnJgzE2Br8=
  
  strip-json-comments@~2.0.1:
    version "2.0.1"
    resolved "https://artifactory-eng.cargurus.com:443/artifactory/api/npm/npm-registry/strip-json-comments/-/strip-json-comments-2.0.1.tgz#3c531942e908c2697c0ec344858c286c7ca0a60a"
    integrity sha1-PFMZQukIwml8DsNEhYwobHygpgo=
  
  supports-color@^4.0.0:
    version "4.5.0"
    resolved "https://artifactory-eng.cargurus.com:443/artifactory/api/npm/npm-registry/supports-color/-/supports-color-4.5.0.tgz#be7a0de484dec5c5cddf8b3d59125044912f635b"
    integrity sha1-vnoN5ITexcXN34s9WRJQRJEvY1s=
    dependencies:
      has-flag "^2.0.0"
  
  supports-color@^5.3.0:
    version "5.5.0"
    resolved "https://artifactory-eng.cargurus.com:443/artifactory/api/npm/npm-registry/supports-color/-/supports-color-5.5.0.tgz#e2e69a44ac8772f78a1ec0b35b689df6530efc8f"
    integrity sha1-4uaaRKyHcveKHsCzW2id9lMO/I8=
    dependencies:
      has-flag "^3.0.0"
  
  table-layout@^0.4.2:
    version "0.4.5"
    resolved "https://artifactory-eng.cargurus.com:443/artifactory/api/npm/npm-registry/table-layout/-/table-layout-0.4.5.tgz#d906de6a25fa09c0c90d1d08ecd833ecedcb7378"
    integrity sha1-2QbeaiX6CcDJDR0I7Ngz7O3Lc3g=
    dependencies:
      array-back "^2.0.0"
      deep-extend "~0.6.0"
      lodash.padend "^4.6.1"
      typical "^2.6.1"
      wordwrapjs "^3.0.0"
  
  tar@^4:
    version "4.4.13"
    resolved "https://artifactory-eng.cargurus.com:443/artifactory/api/npm/npm-registry/tar/-/tar-4.4.13.tgz#43b364bc52888d555298637b10d60790254ab525"
    integrity sha1-Q7NkvFKIjVVSmGN7ENYHkCVKtSU=
    dependencies:
      chownr "^1.1.1"
      fs-minipass "^1.2.5"
      minipass "^2.8.6"
      minizlib "^1.2.1"
      mkdirp "^0.5.0"
      safe-buffer "^5.1.2"
      yallist "^3.0.3"
  
  test-value@^2.1.0:
    version "2.1.0"
    resolved "https://artifactory-eng.cargurus.com:443/artifactory/api/npm/npm-registry/test-value/-/test-value-2.1.0.tgz#11da6ff670f3471a73b625ca4f3fdcf7bb748291"
    integrity sha1-Edpv9nDzRxpztiXKTz/c97t0gpE=
    dependencies:
      array-back "^1.0.3"
      typical "^2.6.0"
  
  through@^2.3.6:
    version "2.3.8"
    resolved "https://artifactory-eng.cargurus.com:443/artifactory/api/npm/npm-registry/through/-/through-2.3.8.tgz#0dd4c9ffaabc357960b1b724115d7e0e86a2e1f5"
    integrity sha1-DdTJ/6q8NXlgsbckEV1+Doai4fU=
  
  tmp@^0.0.33:
    version "0.0.33"
    resolved "https://artifactory-eng.cargurus.com:443/artifactory/api/npm/npm-registry/tmp/-/tmp-0.0.33.tgz#6d34335889768d21b2bcda0aa277ced3b1bfadf9"
    integrity sha1-bTQzWIl2jSGyvNoKonfO07G/rfk=
    dependencies:
      os-tmpdir "~1.0.2"
  
  toml@^2.3.0:
    version "2.3.6"
    resolved "https://artifactory-eng.cargurus.com:443/artifactory/api/npm/npm-registry/toml/-/toml-2.3.6.tgz#25b0866483a9722474895559088b436fd11f861b"
    integrity sha1-JbCGZIOpciR0iVVZCItDb9Efhhs=
  
  ts-typed-json@^0.2.2:
    version "0.2.2"
    resolved "https://artifactory-eng.cargurus.com:443/artifactory/api/npm/npm-registry/ts-typed-json/-/ts-typed-json-0.2.2.tgz#53184bee893e45991b73c8c463a38b59e27cd47e"
    integrity sha1-UxhL7ok+RZkbc8jEY6OLWeJ81H4=
    dependencies:
      rsvp "^3.5.0"
  
  typical@^2.6.0, typical@^2.6.1:
    version "2.6.1"
    resolved "https://artifactory-eng.cargurus.com:443/artifactory/api/npm/npm-registry/typical/-/typical-2.6.1.tgz#5c080e5d661cbbe38259d2e70a3c7253e873881d"
    integrity sha1-XAgOXWYcu+OCWdLnCjxyU+hziB0=
  
  uglify-js@^3.1.4:
    version "3.9.1"
    resolved "https://artifactory-eng.cargurus.com:443/artifactory/api/npm/npm-registry/uglify-js/-/uglify-js-3.9.1.tgz#a56a71c8caa2d36b5556cc1fd57df01ae3491539"
    integrity sha1-pWpxyMqi02tVVswf1X3wGuNJFTk=
    dependencies:
      commander "~2.20.3"
  
  universal-user-agent@^2.0.0:
    version "2.1.0"
    resolved "https://artifactory-eng.cargurus.com:443/artifactory/api/npm/npm-registry/universal-user-agent/-/universal-user-agent-2.1.0.tgz#5abfbcc036a1ba490cb941f8fd68c46d3669e8e4"
    integrity sha1-Wr+8wDahukkMuUH4/WjEbTZp6OQ=
    dependencies:
      os-name "^3.0.0"
  
  url-template@^2.0.8:
    version "2.0.8"
    resolved "https://artifactory-eng.cargurus.com:443/artifactory/api/npm/npm-registry/url-template/-/url-template-2.0.8.tgz#fc565a3cccbff7730c775f5641f9555791439f21"
    integrity sha1-/FZaPMy/93MMd19WQflVV5FDnyE=
  
  util-deprecate@~1.0.1:
    version "1.0.2"
    resolved "https://artifactory-eng.cargurus.com:443/artifactory/api/npm/npm-registry/util-deprecate/-/util-deprecate-1.0.2.tgz#450d4dc9fa70de732762fbd2d4a28981419a0ccf"
    integrity sha1-RQ1Nyfpw3nMnYvvS1KKJgUGaDM8=
  
  util@^0.12.3:
    version "0.12.3"
    resolved "https://artifactory-eng.cargurus.com:443/artifactory/api/npm/npm-registry/util/-/util-0.12.3.tgz#971bb0292d2cc0c892dab7c6a5d37c2bec707888"
    integrity sha1-lxuwKS0swMiS2rfGpdN8K+xweIg=
    dependencies:
      inherits "^2.0.3"
      is-arguments "^1.0.4"
      is-generator-function "^1.0.7"
      is-typed-array "^1.1.3"
      safe-buffer "^5.1.2"
      which-typed-array "^1.1.2"
  
  validate-npm-package-license@^3.0.1:
    version "3.0.4"
    resolved "https://artifactory-eng.cargurus.com:443/artifactory/api/npm/npm-registry/validate-npm-package-license/-/validate-npm-package-license-3.0.4.tgz#fc91f6b9c7ba15c857f4cb2c5defeec39d4f410a"
    integrity sha1-/JH2uce6FchX9MssXe/uw51PQQo=
    dependencies:
      spdx-correct "^3.0.0"
      spdx-expression-parse "^3.0.0"
  
  validate-npm-package-name@^3.0.0:
    version "3.0.0"
    resolved "https://artifactory-eng.cargurus.com:443/artifactory/api/npm/npm-registry/validate-npm-package-name/-/validate-npm-package-name-3.0.0.tgz#5fa912d81eb7d0c74afc140de7317f0ca7df437e"
    integrity sha1-X6kS2B630MdK/BQN5zF/DKffQ34=
    dependencies:
      builtins "^1.0.3"
  
  which-typed-array@^1.1.2:
    version "1.1.2"
    resolved "https://artifactory-eng.cargurus.com:443/artifactory/api/npm/npm-registry/which-typed-array/-/which-typed-array-1.1.2.tgz#e5f98e56bda93e3dac196b01d47c1156679c00b2"
    integrity sha1-5fmOVr2pPj2sGWsB1HwRVmecALI=
    dependencies:
      available-typed-arrays "^1.0.2"
      es-abstract "^1.17.5"
      foreach "^2.0.5"
      function-bind "^1.1.1"
      has-symbols "^1.0.1"
      is-typed-array "^1.1.3"
  
  which@^1.2.9:
    version "1.3.1"
    resolved "https://artifactory-eng.cargurus.com:443/artifactory/api/npm/npm-registry/which/-/which-1.3.1.tgz#a45043d54f5805316da8d62f9f50918d3da70b0a"
    integrity sha1-pFBD1U9YBTFtqNYvn1CRjT2nCwo=
    dependencies:
      isexe "^2.0.0"
  
  wide-align@^1.1.0:
    version "1.1.3"
    resolved "https://artifactory-eng.cargurus.com:443/artifactory/api/npm/npm-registry/wide-align/-/wide-align-1.1.3.tgz#ae074e6bdc0c14a431e804e624549c633b000457"
    integrity sha1-rgdOa9wMFKQx6ATmJFScYzsABFc=
    dependencies:
      string-width "^1.0.2 || 2"
  
  windows-release@^3.1.0:
    version "3.3.0"
    resolved "https://artifactory-eng.cargurus.com:443/artifactory/api/npm/npm-registry/windows-release/-/windows-release-3.3.0.tgz#dce167e9f8be733f21c849ebd4d03fe66b29b9f0"
    integrity sha1-3OFn6fi+cz8hyEnr1NA/5mspufA=
    dependencies:
      execa "^1.0.0"
  
  wordwrap@^1.0.0:
    version "1.0.0"
    resolved "https://artifactory-eng.cargurus.com:443/artifactory/api/npm/npm-registry/wordwrap/-/wordwrap-1.0.0.tgz#27584810891456a4171c8d0226441ade90cbcaeb"
    integrity sha1-J1hIEIkUVqQXHI0CJkQa3pDLyus=
  
  wordwrapjs@^3.0.0:
    version "3.0.0"
    resolved "https://artifactory-eng.cargurus.com:443/artifactory/api/npm/npm-registry/wordwrapjs/-/wordwrapjs-3.0.0.tgz#c94c372894cadc6feb1a66bff64e1d9af92c5d1e"
    integrity sha1-yUw3KJTK3G/rGma/9k4dmvksXR4=
    dependencies:
      reduce-flatten "^1.0.1"
      typical "^2.6.1"
  
  wrappy@1:
    version "1.0.2"
    resolved "https://artifactory-eng.cargurus.com:443/artifactory/api/npm/npm-registry/wrappy/-/wrappy-1.0.2.tgz#b5243d8f3ec1aa35f1364605bc0d1036e30ab69f"
    integrity sha1-tSQ9jz7BqjXxNkYFvA0QNuMKtp8=
  
  yallist@^3.0.0, yallist@^3.0.3:
    version "3.1.1"
    resolved "https://artifactory-eng.cargurus.com:443/artifactory/api/npm/npm-registry/yallist/-/yallist-3.1.1.tgz#dbb7daf9bfd8bac9ab45ebf602b8cbad0d5d08fd"
    integrity sha1-27fa+b/YusmrRev2ArjLrQ1dCP0=
